2026-02-01T14:53:35.355+03:00  INFO 84204 --- [graphql-postgres-rest-demo] [main] com.example.demo.DemoApplication         : Starting DemoApplication using Java 21.0.9 with PID 84204 (D:\IIdea\graphql-postgres-rest-demo\target\classes started by Администратор in D:\IIdea\graphql-postgres-rest-demo)
2026-02-01T14:53:35.360+03:00 DEBUG 84204 --- [graphql-postgres-rest-demo] [main] com.example.demo.DemoApplication         : Running with Spring Boot v3.2.0, Spring v6.1.1
2026-02-01T14:53:35.363+03:00  INFO 84204 --- [graphql-postgres-rest-demo] [main] com.example.demo.DemoApplication         : No active profile set, falling back to 1 default profile: "default"
2026-02-01T14:53:37.814+03:00  INFO 84204 --- [graphql-postgres-rest-demo] [main] .s.d.r.c.RepositoryConfigurationDelegate : Bootstrapping Spring Data JPA repositories in DEFAULT mode.
2026-02-01T14:53:38.241+03:00  INFO 84204 --- [graphql-postgres-rest-demo] [main] .s.d.r.c.RepositoryConfigurationDelegate : Finished Spring Data repository scanning in 405 ms. Found 1 JPA repository interface.
2026-02-01T14:53:40.146+03:00  INFO 84204 --- [graphql-postgres-rest-demo] [main] o.s.b.w.embedded.tomcat.TomcatWebServer  : Tomcat initialized with port 8080 (http)
2026-02-01T14:53:40.170+03:00  INFO 84204 --- [graphql-postgres-rest-demo] [main] o.apache.catalina.core.StandardService   : Starting service [Tomcat]
2026-02-01T14:53:40.170+03:00  INFO 84204 --- [graphql-postgres-rest-demo] [main] o.apache.catalina.core.StandardEngine    : Starting Servlet engine: [Apache Tomcat/10.1.16]
2026-02-01T14:53:40.327+03:00  INFO 84204 --- [graphql-postgres-rest-demo] [main] o.a.c.c.C.[Tomcat].[localhost].[/]       : Initializing Spring embedded WebApplicationContext
2026-02-01T14:53:40.328+03:00  INFO 84204 --- [graphql-postgres-rest-demo] [main] w.s.c.ServletWebServerApplicationContext : Root WebApplicationContext: initialization completed in 4826 ms
2026-02-01T14:53:41.061+03:00  INFO 84204 --- [graphql-postgres-rest-demo] [main] com.zaxxer.hikari.HikariDataSource       : HikariCP-BookDB - Starting...
2026-02-01T14:53:41.464+03:00  INFO 84204 --- [graphql-postgres-rest-demo] [main] com.zaxxer.hikari.pool.HikariPool        : HikariCP-BookDB - Added connection org.postgresql.jdbc.PgConnection@52285a5f
2026-02-01T14:53:41.467+03:00  INFO 84204 --- [graphql-postgres-rest-demo] [main] com.zaxxer.hikari.HikariDataSource       : HikariCP-BookDB - Start completed.
2026-02-01T14:53:41.738+03:00  INFO 84204 --- [graphql-postgres-rest-demo] [main] o.hibernate.jpa.internal.util.LogHelper  : HHH000204: Processing PersistenceUnitInfo [name: default]
2026-02-01T14:53:41.889+03:00  INFO 84204 --- [graphql-postgres-rest-demo] [main] org.hibernate.Version                    : HHH000412: Hibernate ORM core version 6.3.1.Final
2026-02-01T14:53:41.985+03:00  INFO 84204 --- [graphql-postgres-rest-demo] [main] o.h.c.internal.RegionFactoryInitiator    : HHH000026: Second-level cache disabled
2026-02-01T14:53:42.536+03:00  INFO 84204 --- [graphql-postgres-rest-demo] [main] o.s.o.j.p.SpringPersistenceUnitInfo      : No LoadTimeWeaver setup: ignoring JPA class transformer
2026-02-01T14:53:42.630+03:00  WARN 84204 --- [graphql-postgres-rest-demo] [main] org.hibernate.orm.deprecation            : HHH90000025: PostgreSQLDialect does not need to be specified explicitly using 'hibernate.dialect' (remove the property setting and it will be selected by default)
2026-02-01T14:53:44.342+03:00  INFO 84204 --- [graphql-postgres-rest-demo] [main] o.h.e.t.j.p.i.JtaPlatformInitiator       : HHH000489: No JTA platform available (set 'hibernate.transaction.jta.platform' to enable JTA platform integration)
2026-02-01T14:53:44.456+03:00 DEBUG 84204 --- [graphql-postgres-rest-demo] [main] org.hibernate.SQL                        : 
    create table books (
        id bigserial not null,
        author varchar(255) not null,
        created_at timestamp(6),
        publisher varchar(255),
        title varchar(255) not null,
        updated_at timestamp(6),
        primary key (id)
    )
2026-02-01T14:53:44.482+03:00  INFO 84204 --- [graphql-postgres-rest-demo] [main] j.LocalContainerEntityManagerFactoryBean : Initialized JPA EntityManagerFactory for persistence unit 'default'
2026-02-01T14:53:45.472+03:00  INFO 84204 --- [graphql-postgres-rest-demo] [main] o.s.d.j.r.query.QueryEnhancerFactory     : Hibernate is in classpath; If applicable, HQL parser will be used.
2026-02-01T14:53:46.956+03:00  INFO 84204 --- [graphql-postgres-rest-demo] [main] o.s.b.a.w.s.WelcomePageHandlerMapping    : Adding welcome page template: index
2026-02-01T14:53:47.939+03:00 DEBUG 84204 --- [graphql-postgres-rest-demo] [main] a.s.AnnotatedControllerExceptionResolver : @GraphQlException methods in ControllerAdvice beans: none
2026-02-01T14:53:48.439+03:00  INFO 84204 --- [graphql-postgres-rest-demo] [main] efaultSchemaResourceGraphQlSourceBuilder : Loaded 1 resource(s) in the GraphQL schema.
2026-02-01T14:53:48.440+03:00 DEBUG 84204 --- [graphql-postgres-rest-demo] [main] efaultSchemaResourceGraphQlSourceBuilder : Loaded GraphQL schema resources: (file [D:\IIdea\graphql-postgres-rest-demo\target\classes\graphql\schema.graphqls])
2026-02-01T14:53:48.917+03:00  INFO 84204 --- [graphql-postgres-rest-demo] [main] o.s.b.a.g.GraphQlAutoConfiguration       : GraphQL schema inspection:
	Unmapped fields: {}
	Unmapped registrations: {}
	Skipped types: []
2026-02-01T14:53:48.964+03:00  INFO 84204 --- [graphql-postgres-rest-demo] [main] s.b.a.g.s.GraphQlWebMvcAutoConfiguration : GraphQL endpoint HTTP POST /graphql
2026-02-01T14:53:50.816+03:00  INFO 84204 --- [graphql-postgres-rest-demo] [main] o.s.b.a.e.web.EndpointLinksResolver      : Exposing 3 endpoint(s) beneath base path '/actuator'
2026-02-01T14:53:51.038+03:00  INFO 84204 --- [graphql-postgres-rest-demo] [main] o.s.b.w.embedded.tomcat.TomcatWebServer  : Tomcat started on port 8080 (http) with context path ''
2026-02-01T14:53:51.064+03:00  INFO 84204 --- [graphql-postgres-rest-demo] [main] com.example.demo.DemoApplication         : Started DemoApplication in 16.996 seconds (process running for 18.755)
2026-02-01T14:54:00.438+03:00  INFO 84204 --- [graphql-postgres-rest-demo] [http-nio-8080-exec-1] o.a.c.c.C.[Tomcat].[localhost].[/]       : Initializing Spring DispatcherServlet 'dispatcherServlet'
2026-02-01T14:54:00.439+03:00  INFO 84204 --- [graphql-postgres-rest-demo] [http-nio-8080-exec-1] o.s.web.servlet.DispatcherServlet        : Initializing Servlet 'dispatcherServlet'
2026-02-01T14:54:00.442+03:00  INFO 84204 --- [graphql-postgres-rest-demo] [http-nio-8080-exec-1] o.s.web.servlet.DispatcherServlet        : Completed initialization in 3 ms
2026-02-01T14:54:00.988+03:00 DEBUG 84204 --- [graphql-postgres-rest-demo] [http-nio-8080-exec-4] o.s.g.server.webmvc.GraphQlHttpHandler   : Executing: document='
            query {
                books {
                    id
                    title
                    author
                    publisher
                    createdAt
                    updatedAt
                }
            }
        ', id=395a3e41-6eea-d30d-e8cd-862902961465, Locale=ru_RU
2026-02-01T14:54:01.204+03:00 DEBUG 84204 --- [graphql-postgres-rest-demo] [http-nio-8080-exec-4] c.e.demo.controller.BookController       : Fetching all books via GraphQL
2026-02-01T14:54:01.251+03:00  INFO 84204 --- [graphql-postgres-rest-demo] [http-nio-8080-exec-4] com.example.demo.service.BookService     : Fetching all books
2026-02-01T14:54:01.401+03:00 DEBUG 84204 --- [graphql-postgres-rest-demo] [http-nio-8080-exec-4] org.hibernate.SQL                        : 
    select
        b1_0.id,
        b1_0.author,
        b1_0.created_at,
        b1_0.publisher,
        b1_0.title,
        b1_0.updated_at 
    from
        books b1_0 
    order by
        b1_0.created_at desc
2026-02-01T14:54:01.486+03:00 DEBUG 84204 --- [graphql-postgres-rest-demo] [http-nio-8080-exec-4] o.s.g.server.webmvc.GraphQlHttpHandler   : Execution complete
2026-02-01T14:54:01.558+03:00 DEBUG 84204 --- [graphql-postgres-rest-demo] [http-nio-8080-exec-5] o.s.g.server.webmvc.GraphQlHttpHandler   : Executing: document='
            query {
                booksCount
                books {
                    author
                    publisher
                }
            }
        ', id=c9d36770-5c50-a1ed-6c93-0854dd8b306a, Locale=ru_RU
2026-02-01T14:54:01.564+03:00 DEBUG 84204 --- [graphql-postgres-rest-demo] [http-nio-8080-exec-5] c.e.demo.controller.BookController       : Getting books count via GraphQL
2026-02-01T14:54:01.603+03:00 DEBUG 84204 --- [graphql-postgres-rest-demo] [http-nio-8080-exec-5] org.hibernate.SQL                        : 
    select
        count(*) 
    from
        books b1_0
2026-02-01T14:54:01.611+03:00 DEBUG 84204 --- [graphql-postgres-rest-demo] [http-nio-8080-exec-5] c.e.demo.controller.BookController       : Fetching all books via GraphQL
2026-02-01T14:54:01.612+03:00  INFO 84204 --- [graphql-postgres-rest-demo] [http-nio-8080-exec-5] com.example.demo.service.BookService     : Fetching all books
2026-02-01T14:54:01.617+03:00 DEBUG 84204 --- [graphql-postgres-rest-demo] [http-nio-8080-exec-5] org.hibernate.SQL                        : 
    select
        b1_0.id,
        b1_0.author,
        b1_0.created_at,
        b1_0.publisher,
        b1_0.title,
        b1_0.updated_at 
    from
        books b1_0 
    order by
        b1_0.created_at desc
2026-02-01T14:54:01.620+03:00 DEBUG 84204 --- [graphql-postgres-rest-demo] [http-nio-8080-exec-5] o.s.g.server.webmvc.GraphQlHttpHandler   : Execution complete
2026-02-01T14:54:24.240+03:00 DEBUG 84204 --- [graphql-postgres-rest-demo] [http-nio-8080-exec-6] o.s.g.server.webmvc.GraphQlHttpHandler   : Executing: document='
                mutation AddBook($input: BookInput!) {
                    addBook(input: $input) {
                        id
                        title
                        author
                        publisher
                    }
                }
            ', variables={input={title=Книга, author=Автор, publisher=12/12/2001}}, id=939deb73-bcec-d4c7-e305-2d834f5c2d11, Locale=ru_RU
2026-02-01T14:54:24.406+03:00 DEBUG 84204 --- [graphql-postgres-rest-demo] [http-nio-8080-exec-6] c.e.demo.controller.BookController       : Creating new book via GraphQL: Книга
2026-02-01T14:54:24.408+03:00  INFO 84204 --- [graphql-postgres-rest-demo] [http-nio-8080-exec-6] com.example.demo.service.BookService     : Creating new book: Книга
2026-02-01T14:54:24.461+03:00 DEBUG 84204 --- [graphql-postgres-rest-demo] [http-nio-8080-exec-6] org.hibernate.SQL                        : 
    insert 
    into
        books
        (author, created_at, publisher, title, updated_at) 
    values
        (?, ?, ?, ?, ?)
2026-02-01T14:54:24.544+03:00 DEBUG 84204 --- [graphql-postgres-rest-demo] [http-nio-8080-exec-6] o.s.g.server.webmvc.GraphQlHttpHandler   : Execution complete
2026-02-01T14:54:24.569+03:00 DEBUG 84204 --- [graphql-postgres-rest-demo] [http-nio-8080-exec-7] o.s.g.server.webmvc.GraphQlHttpHandler   : Executing: document='
            query {
                books {
                    id
                    title
                    author
                    publisher
                    createdAt
                    updatedAt
                }
            }
        ', id=dd0bc883-53e7-b976-d0e5-6e1c509695a4, Locale=ru_RU
2026-02-01T14:54:24.573+03:00 DEBUG 84204 --- [graphql-postgres-rest-demo] [http-nio-8080-exec-7] c.e.demo.controller.BookController       : Fetching all books via GraphQL
2026-02-01T14:54:24.575+03:00  INFO 84204 --- [graphql-postgres-rest-demo] [http-nio-8080-exec-7] com.example.demo.service.BookService     : Fetching all books
2026-02-01T14:54:24.581+03:00 DEBUG 84204 --- [graphql-postgres-rest-demo] [http-nio-8080-exec-7] org.hibernate.SQL                        : 
    select
        b1_0.id,
        b1_0.author,
        b1_0.created_at,
        b1_0.publisher,
        b1_0.title,
        b1_0.updated_at 
    from
        books b1_0 
    order by
        b1_0.created_at desc
2026-02-01T14:54:24.601+03:00 DEBUG 84204 --- [graphql-postgres-rest-demo] [http-nio-8080-exec-7] o.s.g.server.webmvc.GraphQlHttpHandler   : Execution complete
2026-02-01T14:54:24.629+03:00 DEBUG 84204 --- [graphql-postgres-rest-demo] [http-nio-8080-exec-8] o.s.g.server.webmvc.GraphQlHttpHandler   : Executing: document='
            query {
                booksCount
                books {
                    author
                    publisher
                }
            }
        ', id=e5b186cf-8827-c0c8-7184-535c16a49a8a, Locale=ru_RU
2026-02-01T14:54:24.636+03:00 DEBUG 84204 --- [graphql-postgres-rest-demo] [http-nio-8080-exec-8] c.e.demo.controller.BookController       : Getting books count via GraphQL
2026-02-01T14:54:24.638+03:00 DEBUG 84204 --- [graphql-postgres-rest-demo] [http-nio-8080-exec-8] org.hibernate.SQL                        : 
    select
        count(*) 
    from
        books b1_0
2026-02-01T14:54:24.642+03:00 DEBUG 84204 --- [graphql-postgres-rest-demo] [http-nio-8080-exec-8] c.e.demo.controller.BookController       : Fetching all books via GraphQL
2026-02-01T14:54:24.643+03:00  INFO 84204 --- [graphql-postgres-rest-demo] [http-nio-8080-exec-8] com.example.demo.service.BookService     : Fetching all books
2026-02-01T14:54:24.646+03:00 DEBUG 84204 --- [graphql-postgres-rest-demo] [http-nio-8080-exec-8] org.hibernate.SQL                        : 
    select
        b1_0.id,
        b1_0.author,
        b1_0.created_at,
        b1_0.publisher,
        b1_0.title,
        b1_0.updated_at 
    from
        books b1_0 
    order by
        b1_0.created_at desc
2026-02-01T14:54:24.651+03:00 DEBUG 84204 --- [graphql-postgres-rest-demo] [http-nio-8080-exec-8] o.s.g.server.webmvc.GraphQlHttpHandler   : Execution complete
